Build started 6/4/2012 7:53:28 PM.
     1>Project "E:\Users\Hasan\Development\MarmaladeProjects\ADL-STEM\libraries\box2d\build_box2d_vc10\box2d_vc10.vcxproj" on node 2 (build target(s)).
     1>PrepareForBuild:
         Creating directory "E:\Users\Hasan\Development\MarmaladeProjects\ADL-STEM\libraries\box2d\lib\arm\".
       InitializeBuildStatus:
         Creating "Debug_box2d_vc10_gcc_arm\box2d_vc10.unsuccessfulbuild" because "AlwaysCreate" was specified.
       CustomBuild:
         All outputs are up-to-date.
       ClCompile:
         C:\Marmalade\6.0\s3e\bin\CL.exe /c /I"e:/users/hasan/development/marmaladeprojects/adl-stem/libraries/box2d" /Ic:/marmalade/6.0/s3e/h /Ic:/marmalade/6.0/s3e/h/ext /Ic:/marmalade/6.0/s3e/h/std /Ic:/marmalade/6.0/s3e/h/std/c++ /Ic:/marmalade/6.0/s3e/h/ext_legacy /Ic:/marmalade/6.0/s3e/h/legacy /I. /Z7 /nologo /W3 /WX- /Od /Oy- /X /Gm /EHsc /RTC1 /MTd /GS /Gy /fp:precise /Zc:wchar_t /Zc:forScope /Fo"Debug_box2d_vc10_gcc_arm\\" /Fd"Debug_box2d_vc10_gcc_arm\vc100.pdb" /Gd /TP /analyze- /errorReport:prompt "e:/users/hasan/development/marmaladeprojects/adl-stem/libraries/box2d/Box2D/Dynamics/b2World.cpp" "e:/users/hasan/development/marmaladeprojects/adl-stem/libraries/box2d/Box2D/Dynamics/Joints/b2Joint.cpp" "e:/users/hasan/development/marmaladeprojects/adl-stem/libraries/box2d/Box2D/Rope/b2Rope.cpp" "e:/users/hasan/development/marmaladeprojects/adl-stem/libraries/box2d/Box2D/Dynamics/b2Island.cpp" "e:/users/hasan/development/marmaladeprojects/adl-stem/libraries/box2d/Box2D/Collision/b2Distance.cpp" "e:/users/hasan/development/marmaladeprojects/adl-stem/libraries/box2d/Box2D/Dynamics/Contacts/b2EdgeAndPolygonContact.cpp" "e:/users/hasan/development/marmaladeprojects/adl-stem/libraries/box2d/Box2D/Collision/b2DynamicTree.cpp" "e:/users/hasan/development/marmaladeprojects/adl-stem/libraries/box2d/Box2D/Dynamics/Contacts/b2CircleContact.cpp" "e:/users/hasan/development/marmaladeprojects/adl-stem/libraries/box2d/Box2D/Common/b2Timer.cpp" "e:/users/hasan/development/marmaladeprojects/adl-stem/libraries/box2d/Box2D/Dynamics/Joints/b2FrictionJoint.cpp" "e:/users/hasan/development/marmaladeprojects/adl-stem/libraries/box2d/Box2D/Dynamics/b2Fixture.cpp" "e:/users/hasan/development/marmaladeprojects/adl-stem/libraries/box2d/Box2D/Common/b2Draw.cpp" "e:/users/hasan/development/marmaladeprojects/adl-stem/libraries/box2d/Box2D/Collision/Shapes/b2CircleShape.cpp" "e:/users/hasan/development/marmaladeprojects/adl-stem/libraries/box2d/Box2D/Dynamics/Contacts/b2PolygonContact.cpp" "e:/users/hasan/development/marmaladeprojects/adl-stem/libraries/box2d/Box2D/Dynamics/Joints/b2PulleyJoint.cpp" "e:/users/hasan/development/marmaladeprojects/adl-stem/libraries/box2d/Box2D/Dynamics/Joints/b2WeldJoint.cpp" "e:/users/hasan/development/marmaladeprojects/adl-stem/libraries/box2d/Box2D/Collision/b2CollideCircle.cpp" "e:/users/hasan/development/marmaladeprojects/adl-stem/libraries/box2d/Box2D/Collision/Shapes/b2LoopShape.cpp" "e:/users/hasan/development/marmaladeprojects/adl-stem/libraries/box2d/Box2D/Dynamics/Contacts/b2ContactSolver.cpp" "e:/users/hasan/development/marmaladeprojects/adl-stem/libraries/box2d/Box2D/Common/b2Settings.cpp" "e:/users/hasan/development/marmaladeprojects/adl-stem/libraries/box2d/Box2D/Dynamics/Contacts/b2PolygonAndCircleContact.cpp" "e:/users/hasan/development/marmaladeprojects/adl-stem/libraries/box2d/Box2D/Common/b2StackAllocator.cpp" "e:/users/hasan/development/marmaladeprojects/adl-stem/libraries/box2d/Box2D/Dynamics/Contacts/b2EdgeAndCircleContact.cpp" "e:/users/hasan/development/marmaladeprojects/adl-stem/libraries/box2d/Box2D/Dynamics/Joints/b2MouseJoint.cpp" "e:/users/hasan/development/marmaladeprojects/adl-stem/libraries/box2d/Box2D/Collision/Shapes/b2PolygonShape.cpp" "e:/users/hasan/development/marmaladeprojects/adl-stem/libraries/box2d/Box2D/Dynamics/Joints/b2PrismaticJoint.cpp" "e:/users/hasan/development/marmaladeprojects/adl-stem/libraries/box2d/Box2D/Collision/b2Collision.cpp" "e:/users/hasan/development/marmaladeprojects/adl-stem/libraries/box2d/Box2D/Dynamics/Joints/b2WheelJoint.cpp" "e:/users/hasan/development/marmaladeprojects/adl-stem/libraries/box2d/Box2D/Common/b2Math.cpp" "e:/users/hasan/development/marmaladeprojects/adl-stem/libraries/box2d/Box2D/Dynamics/Joints/b2DistanceJoint.cpp" "e:/users/hasan/development/marmaladeprojects/adl-stem/libraries/box2d/Box2D/Collision/b2CollidePolygon.cpp" "e:/users/hasan/development/marmaladeprojects/adl-stem/libraries/box2d/Box2D/Dynamics/Contacts/b2LoopAndCircleContact.cpp" "e:/users/hasan/development/marmaladeprojects/adl-stem/libraries/box2d/Box2D/Dynamics/b2ContactManager.cpp" "e:/users/hasan/development/marmaladeprojects/adl-stem/libraries/box2d/Box2D/Dynamics/b2WorldCallbacks.cpp" "e:/users/hasan/development/marmaladeprojects/adl-stem/libraries/box2d/Box2D/Dynamics/Joints/b2GearJoint.cpp" "e:/users/hasan/development/marmaladeprojects/adl-stem/libraries/box2d/Box2D/Dynamics/Contacts/b2LoopAndPolygonContact.cpp" "e:/users/hasan/development/marmaladeprojects/adl-stem/libraries/box2d/Box2D/Collision/b2TimeOfImpact.cpp" "e:/users/hasan/development/marmaladeprojects/adl-stem/libraries/box2d/Box2D/Collision/Shapes/b2EdgeShape.cpp" "e:/users/hasan/development/marmaladeprojects/adl-stem/libraries/box2d/Box2D/Dynamics/Joints/b2RopeJoint.cpp" "e:/users/hasan/development/marmaladeprojects/adl-stem/libraries/box2d/Box2D/Dynamics/b2Body.cpp" "e:/users/hasan/development/marmaladeprojects/adl-stem/libraries/box2d/Box2D/Collision/b2BroadPhase.cpp" "e:/users/hasan/development/marmaladeprojects/adl-stem/libraries/box2d/Box2D/Collision/b2CollideEdge.cpp" "e:/users/hasan/development/marmaladeprojects/adl-stem/libraries/box2d/Box2D/Dynamics/Joints/b2RevoluteJoint.cpp" "e:/users/hasan/development/marmaladeprojects/adl-stem/libraries/box2d/Box2D/Common/b2BlockAllocator.cpp" "e:/users/hasan/development/marmaladeprojects/adl-stem/libraries/box2d/Box2D/Dynamics/Contacts/b2Contact.cpp" /S3Eproject /J /Fe"s3e-custom-tool='c:/marmalade/6.0/s3e/gcc/bin/arm-none-eabi-gcc.exe' tooltype=gcc_compiler -funsigned-char -fno-strict-aliasing -fno-stack-protector -fno-short-enums -fshort-wchar -Wall -fomit-frame-pointer -fmessage-length=0 -Wno-unused -Wno-parentheses -save-temps -ffunction-sections -mstructure-size-boundary=8 -mfloat-abi=soft -mthumb-interwork -march=armv4t -Wno-switch -Wno-psabi -fvisibility=hidden -nostdinc --cppflag=-Wno-reorder --cppflag=-fvisibility-inlines-hidden --cppflag=-fno-exceptions --cppflag=-nostdinc++ -g -O0" /FD  /FI"E:\Users\Hasan\Development\MarmaladeProjects\ADL-STEM\libraries\box2d\build_box2d_vc10\temp_defines_debug.h"
         ARM Compiling(GCC) e:\users\hasan\development\marmaladeprojects\adl-stem\libraries\box2d\Box2D\Dynamics\b2World.cpp ...
         ARM Compiling(GCC) e:\users\hasan\development\marmaladeprojects\adl-stem\libraries\box2d\Box2D\Dynamics\Joints\b2Joint.cpp ...
         ARM Compiling(GCC) e:\users\hasan\development\marmaladeprojects\adl-stem\libraries\box2d\Box2D\Rope\b2Rope.cpp ...
         ARM Compiling(GCC) e:\users\hasan\development\marmaladeprojects\adl-stem\libraries\box2d\Box2D\Dynamics\b2Island.cpp ...
         ARM Compiling(GCC) e:\users\hasan\development\marmaladeprojects\adl-stem\libraries\box2d\Box2D\Collision\b2Distance.cpp ...
         ARM Compiling(GCC) e:\users\hasan\development\marmaladeprojects\adl-stem\libraries\box2d\Box2D\Dynamics\Contacts\b2EdgeAndPolygonContact.cpp ...
         ARM Compiling(GCC) e:\users\hasan\development\marmaladeprojects\adl-stem\libraries\box2d\Box2D\Collision\b2DynamicTree.cpp ...
         ARM Compiling(GCC) e:\users\hasan\development\marmaladeprojects\adl-stem\libraries\box2d\Box2D\Dynamics\Contacts\b2CircleContact.cpp ...
         ARM Compiling(GCC) e:\users\hasan\development\marmaladeprojects\adl-stem\libraries\box2d\Box2D\Common\b2Timer.cpp ...
         ARM Compiling(GCC) e:\users\hasan\development\marmaladeprojects\adl-stem\libraries\box2d\Box2D\Dynamics\Joints\b2FrictionJoint.cpp ...
         ARM Compiling(GCC) e:\users\hasan\development\marmaladeprojects\adl-stem\libraries\box2d\Box2D\Dynamics\b2Fixture.cpp ...
         ARM Compiling(GCC) e:\users\hasan\development\marmaladeprojects\adl-stem\libraries\box2d\Box2D\Common\b2Draw.cpp ...
         ARM Compiling(GCC) e:\users\hasan\development\marmaladeprojects\adl-stem\libraries\box2d\Box2D\Collision\Shapes\b2CircleShape.cpp ...
         ARM Compiling(GCC) e:\users\hasan\development\marmaladeprojects\adl-stem\libraries\box2d\Box2D\Dynamics\Contacts\b2PolygonContact.cpp ...
         ARM Compiling(GCC) e:\users\hasan\development\marmaladeprojects\adl-stem\libraries\box2d\Box2D\Dynamics\Joints\b2PulleyJoint.cpp ...
         ARM Compiling(GCC) e:\users\hasan\development\marmaladeprojects\adl-stem\libraries\box2d\Box2D\Dynamics\Joints\b2WeldJoint.cpp ...
         ARM Compiling(GCC) e:\users\hasan\development\marmaladeprojects\adl-stem\libraries\box2d\Box2D\Collision\b2CollideCircle.cpp ...
         ARM Compiling(GCC) e:\users\hasan\development\marmaladeprojects\adl-stem\libraries\box2d\Box2D\Collision\Shapes\b2LoopShape.cpp ...
         ARM Compiling(GCC) e:\users\hasan\development\marmaladeprojects\adl-stem\libraries\box2d\Box2D\Dynamics\Contacts\b2ContactSolver.cpp ...
         ARM Compiling(GCC) e:\users\hasan\development\marmaladeprojects\adl-stem\libraries\box2d\Box2D\Common\b2Settings.cpp ...
         ARM Compiling(GCC) e:\users\hasan\development\marmaladeprojects\adl-stem\libraries\box2d\Box2D\Dynamics\Contacts\b2PolygonAndCircleContact.cpp ...
         ARM Compiling(GCC) e:\users\hasan\development\marmaladeprojects\adl-stem\libraries\box2d\Box2D\Common\b2StackAllocator.cpp ...
         ARM Compiling(GCC) e:\users\hasan\development\marmaladeprojects\adl-stem\libraries\box2d\Box2D\Dynamics\Contacts\b2EdgeAndCircleContact.cpp ...
         ARM Compiling(GCC) e:\users\hasan\development\marmaladeprojects\adl-stem\libraries\box2d\Box2D\Dynamics\Joints\b2MouseJoint.cpp ...
         ARM Compiling(GCC) e:\users\hasan\development\marmaladeprojects\adl-stem\libraries\box2d\Box2D\Collision\Shapes\b2PolygonShape.cpp ...
         ARM Compiling(GCC) e:\users\hasan\development\marmaladeprojects\adl-stem\libraries\box2d\Box2D\Dynamics\Joints\b2PrismaticJoint.cpp ...
         ARM Compiling(GCC) e:\users\hasan\development\marmaladeprojects\adl-stem\libraries\box2d\Box2D\Collision\b2Collision.cpp ...
         ARM Compiling(GCC) e:\users\hasan\development\marmaladeprojects\adl-stem\libraries\box2d\Box2D\Dynamics\Joints\b2WheelJoint.cpp ...
         ARM Compiling(GCC) e:\users\hasan\development\marmaladeprojects\adl-stem\libraries\box2d\Box2D\Common\b2Math.cpp ...
         ARM Compiling(GCC) e:\users\hasan\development\marmaladeprojects\adl-stem\libraries\box2d\Box2D\Dynamics\Joints\b2DistanceJoint.cpp ...
         ARM Compiling(GCC) e:\users\hasan\development\marmaladeprojects\adl-stem\libraries\box2d\Box2D\Collision\b2CollidePolygon.cpp ...
         ARM Compiling(GCC) e:\users\hasan\development\marmaladeprojects\adl-stem\libraries\box2d\Box2D\Dynamics\Contacts\b2LoopAndCircleContact.cpp ...
         ARM Compiling(GCC) e:\users\hasan\development\marmaladeprojects\adl-stem\libraries\box2d\Box2D\Dynamics\b2ContactManager.cpp ...
         ARM Compiling(GCC) e:\users\hasan\development\marmaladeprojects\adl-stem\libraries\box2d\Box2D\Dynamics\b2WorldCallbacks.cpp ...
         ARM Compiling(GCC) e:\users\hasan\development\marmaladeprojects\adl-stem\libraries\box2d\Box2D\Dynamics\Joints\b2GearJoint.cpp ...
         ARM Compiling(GCC) e:\users\hasan\development\marmaladeprojects\adl-stem\libraries\box2d\Box2D\Dynamics\Contacts\b2LoopAndPolygonContact.cpp ...
         ARM Compiling(GCC) e:\users\hasan\development\marmaladeprojects\adl-stem\libraries\box2d\Box2D\Collision\b2TimeOfImpact.cpp ...
         ARM Compiling(GCC) e:\users\hasan\development\marmaladeprojects\adl-stem\libraries\box2d\Box2D\Collision\Shapes\b2EdgeShape.cpp ...
         ARM Compiling(GCC) e:\users\hasan\development\marmaladeprojects\adl-stem\libraries\box2d\Box2D\Dynamics\Joints\b2RopeJoint.cpp ...
         ARM Compiling(GCC) e:\users\hasan\development\marmaladeprojects\adl-stem\libraries\box2d\Box2D\Dynamics\b2Body.cpp ...
         ARM Compiling(GCC) e:\users\hasan\development\marmaladeprojects\adl-stem\libraries\box2d\Box2D\Collision\b2BroadPhase.cpp ...
         ARM Compiling(GCC) e:\users\hasan\development\marmaladeprojects\adl-stem\libraries\box2d\Box2D\Collision\b2CollideEdge.cpp ...
         ARM Compiling(GCC) e:\users\hasan\development\marmaladeprojects\adl-stem\libraries\box2d\Box2D\Dynamics\Joints\b2RevoluteJoint.cpp ...
         ARM Compiling(GCC) e:\users\hasan\development\marmaladeprojects\adl-stem\libraries\box2d\Box2D\Common\b2BlockAllocator.cpp ...
         ARM Compiling(GCC) e:\users\hasan\development\marmaladeprojects\adl-stem\libraries\box2d\Box2D\Dynamics\Contacts\b2Contact.cpp ...
       Lib:
         C:\Marmalade\6.0\s3e\bin\Lib.exe /OUT:"E:\Users\Hasan\Development\MarmaladeProjects\ADL-STEM\libraries\box2d\lib\arm\libbox2d_d.a" /NOLOGO Debug_box2d_vc10_gcc_arm\b2World.obj
         Debug_box2d_vc10_gcc_arm\b2Joint.obj
         Debug_box2d_vc10_gcc_arm\b2Rope.obj
         Debug_box2d_vc10_gcc_arm\b2Island.obj
         Debug_box2d_vc10_gcc_arm\b2Distance.obj
         Debug_box2d_vc10_gcc_arm\b2EdgeAndPolygonContact.obj
         Debug_box2d_vc10_gcc_arm\b2DynamicTree.obj
         Debug_box2d_vc10_gcc_arm\b2CircleContact.obj
         Debug_box2d_vc10_gcc_arm\b2Timer.obj
         Debug_box2d_vc10_gcc_arm\b2FrictionJoint.obj
         Debug_box2d_vc10_gcc_arm\b2Fixture.obj
         Debug_box2d_vc10_gcc_arm\b2Draw.obj
         Debug_box2d_vc10_gcc_arm\b2CircleShape.obj
         Debug_box2d_vc10_gcc_arm\b2PolygonContact.obj
         Debug_box2d_vc10_gcc_arm\b2PulleyJoint.obj
         Debug_box2d_vc10_gcc_arm\b2WeldJoint.obj
         Debug_box2d_vc10_gcc_arm\b2CollideCircle.obj
         Debug_box2d_vc10_gcc_arm\b2LoopShape.obj
         Debug_box2d_vc10_gcc_arm\b2ContactSolver.obj
         Debug_box2d_vc10_gcc_arm\b2Settings.obj
         Debug_box2d_vc10_gcc_arm\b2PolygonAndCircleContact.obj
         Debug_box2d_vc10_gcc_arm\b2StackAllocator.obj
         Debug_box2d_vc10_gcc_arm\b2EdgeAndCircleContact.obj
         Debug_box2d_vc10_gcc_arm\b2MouseJoint.obj
         Debug_box2d_vc10_gcc_arm\b2PolygonShape.obj
         Debug_box2d_vc10_gcc_arm\b2PrismaticJoint.obj
         Debug_box2d_vc10_gcc_arm\b2Collision.obj
         Debug_box2d_vc10_gcc_arm\b2WheelJoint.obj
         Debug_box2d_vc10_gcc_arm\b2Math.obj
         Debug_box2d_vc10_gcc_arm\b2DistanceJoint.obj
         Debug_box2d_vc10_gcc_arm\b2CollidePolygon.obj
         Debug_box2d_vc10_gcc_arm\b2LoopAndCircleContact.obj
         Debug_box2d_vc10_gcc_arm\b2ContactManager.obj
         Debug_box2d_vc10_gcc_arm\b2WorldCallbacks.obj
         Debug_box2d_vc10_gcc_arm\b2GearJoint.obj
         Debug_box2d_vc10_gcc_arm\b2LoopAndPolygonContact.obj
         Debug_box2d_vc10_gcc_arm\b2TimeOfImpact.obj
         Debug_box2d_vc10_gcc_arm\b2EdgeShape.obj
         Debug_box2d_vc10_gcc_arm\b2RopeJoint.obj
         Debug_box2d_vc10_gcc_arm\b2Body.obj
         Debug_box2d_vc10_gcc_arm\b2BroadPhase.obj
         Debug_box2d_vc10_gcc_arm\b2CollideEdge.obj
         Debug_box2d_vc10_gcc_arm\b2RevoluteJoint.obj
         Debug_box2d_vc10_gcc_arm\b2BlockAllocator.obj
         Debug_box2d_vc10_gcc_arm\b2Contact.obj "s3e-custom-tool='c:/marmalade/6.0/s3e/gcc/bin/arm-none-eabi-ar.exe' tooltype=gcc_lib rc "  
         Archiving (GCC)...
         box2d_vc10.vcxproj -> E:\Users\Hasan\Development\MarmaladeProjects\ADL-STEM\libraries\box2d\lib\arm\libbox2d_d.a
       FinalizeBuildStatus:
         Deleting file "Debug_box2d_vc10_gcc_arm\box2d_vc10.unsuccessfulbuild".
         Touching "Debug_box2d_vc10_gcc_arm\box2d_vc10.lastbuildstate".
     1>Done Building Project "E:\Users\Hasan\Development\MarmaladeProjects\ADL-STEM\libraries\box2d\build_box2d_vc10\box2d_vc10.vcxproj" (build target(s)).

Build succeeded.

Time Elapsed 00:00:11.82
